<?xml version="1.0" encoding="UTF-8"?>
<testsuite xmlns:xsi="http://www.w3.org/2001/XMLSchema-instance" xsi:noNamespaceSchemaLocation="https://maven.apache.org/surefire/maven-surefire-plugin/xsd/surefire-test-report.xsd" name="US1003_amazon_search_parametreli" time="13.461" tests="1" errors="0" skipped="0" failures="1">
  <properties>
    <property name="sun.desktop" value="windows"/>
    <property name="awt.toolkit" value="sun.awt.windows.WToolkit"/>
    <property name="file.encoding.pkg" value="sun.io"/>
    <property name="java.specification.version" value="1.8"/>
    <property name="webdriver.chrome.driver" value="C:\Users\ASUS\.m2\repository\webdriver\chromedriver\win32\87.0.4280.88\chromedriver.exe"/>
    <property name="sun.cpu.isalist" value="amd64"/>
    <property name="sun.jnu.encoding" value="Cp1252"/>
    <property name="java.class.path" value="C:\Users\ASUS\IdeaProjects\Batch11CucumberFramework\target\test-classes;C:\Users\ASUS\IdeaProjects\Batch11CucumberFramework\target\classes;C:\Users\ASUS\.m2\repository\org\seleniumhq\selenium\selenium-java\3.141.59\selenium-java-3.141.59.jar;C:\Users\ASUS\.m2\repository\org\seleniumhq\selenium\selenium-api\3.141.59\selenium-api-3.141.59.jar;C:\Users\ASUS\.m2\repository\org\seleniumhq\selenium\selenium-chrome-driver\3.141.59\selenium-chrome-driver-3.141.59.jar;C:\Users\ASUS\.m2\repository\org\seleniumhq\selenium\selenium-edge-driver\3.141.59\selenium-edge-driver-3.141.59.jar;C:\Users\ASUS\.m2\repository\org\seleniumhq\selenium\selenium-firefox-driver\3.141.59\selenium-firefox-driver-3.141.59.jar;C:\Users\ASUS\.m2\repository\org\seleniumhq\selenium\selenium-ie-driver\3.141.59\selenium-ie-driver-3.141.59.jar;C:\Users\ASUS\.m2\repository\org\seleniumhq\selenium\selenium-opera-driver\3.141.59\selenium-opera-driver-3.141.59.jar;C:\Users\ASUS\.m2\repository\org\seleniumhq\selenium\selenium-remote-driver\3.141.59\selenium-remote-driver-3.141.59.jar;C:\Users\ASUS\.m2\repository\org\seleniumhq\selenium\selenium-safari-driver\3.141.59\selenium-safari-driver-3.141.59.jar;C:\Users\ASUS\.m2\repository\org\seleniumhq\selenium\selenium-support\3.141.59\selenium-support-3.141.59.jar;C:\Users\ASUS\.m2\repository\net\bytebuddy\byte-buddy\1.8.15\byte-buddy-1.8.15.jar;C:\Users\ASUS\.m2\repository\org\apache\commons\commons-exec\1.3\commons-exec-1.3.jar;C:\Users\ASUS\.m2\repository\com\google\guava\guava\25.0-jre\guava-25.0-jre.jar;C:\Users\ASUS\.m2\repository\com\google\code\findbugs\jsr305\1.3.9\jsr305-1.3.9.jar;C:\Users\ASUS\.m2\repository\org\checkerframework\checker-compat-qual\2.0.0\checker-compat-qual-2.0.0.jar;C:\Users\ASUS\.m2\repository\com\google\errorprone\error_prone_annotations\2.1.3\error_prone_annotations-2.1.3.jar;C:\Users\ASUS\.m2\repository\com\google\j2objc\j2objc-annotations\1.1\j2objc-annotations-1.1.jar;C:\Users\ASUS\.m2\repository\org\codehaus\mojo\animal-sniffer-annotations\1.14\animal-sniffer-annotations-1.14.jar;C:\Users\ASUS\.m2\repository\com\squareup\okhttp3\okhttp\3.11.0\okhttp-3.11.0.jar;C:\Users\ASUS\.m2\repository\com\squareup\okio\okio\1.14.0\okio-1.14.0.jar;C:\Users\ASUS\.m2\repository\io\github\bonigarcia\webdrivermanager\3.8.1\webdrivermanager-3.8.1.jar;C:\Users\ASUS\.m2\repository\org\slf4j\slf4j-api\1.7.25\slf4j-api-1.7.25.jar;C:\Users\ASUS\.m2\repository\commons-io\commons-io\2.6\commons-io-2.6.jar;C:\Users\ASUS\.m2\repository\com\google\code\gson\gson\2.8.5\gson-2.8.5.jar;C:\Users\ASUS\.m2\repository\org\apache\commons\commons-lang3\3.8.1\commons-lang3-3.8.1.jar;C:\Users\ASUS\.m2\repository\org\apache\httpcomponents\httpclient\4.5.6\httpclient-4.5.6.jar;C:\Users\ASUS\.m2\repository\org\apache\httpcomponents\httpcore\4.4.10\httpcore-4.4.10.jar;C:\Users\ASUS\.m2\repository\commons-logging\commons-logging\1.2\commons-logging-1.2.jar;C:\Users\ASUS\.m2\repository\commons-codec\commons-codec\1.10\commons-codec-1.10.jar;C:\Users\ASUS\.m2\repository\org\rauschig\jarchivelib\1.0.0\jarchivelib-1.0.0.jar;C:\Users\ASUS\.m2\repository\org\apache\commons\commons-compress\1.18\commons-compress-1.18.jar;C:\Users\ASUS\.m2\repository\org\jsoup\jsoup\1.11.3\jsoup-1.11.3.jar;C:\Users\ASUS\.m2\repository\io\cucumber\cucumber-java\6.6.0\cucumber-java-6.6.0.jar;C:\Users\ASUS\.m2\repository\io\cucumber\cucumber-core\6.6.0\cucumber-core-6.6.0.jar;C:\Users\ASUS\.m2\repository\io\cucumber\cucumber-gherkin\6.6.0\cucumber-gherkin-6.6.0.jar;C:\Users\ASUS\.m2\repository\io\cucumber\cucumber-gherkin-messages\6.6.0\cucumber-gherkin-messages-6.6.0.jar;C:\Users\ASUS\.m2\repository\io\cucumber\messages\13.0.1\messages-13.0.1.jar;C:\Users\ASUS\.m2\repository\io\cucumber\tag-expressions\3.0.0\tag-expressions-3.0.0.jar;C:\Users\ASUS\.m2\repository\io\cucumber\cucumber-expressions\10.3.0\cucumber-expressions-10.3.0.jar;C:\Users\ASUS\.m2\repository\io\cucumber\datatable\3.4.0\datatable-3.4.0.jar;C:\Users\ASUS\.m2\repository\io\cucumber\cucumber-plugin\6.6.0\cucumber-plugin-6.6.0.jar;C:\Users\ASUS\.m2\repository\io\cucumber\docstring\6.6.0\docstring-6.6.0.jar;C:\Users\ASUS\.m2\repository\io\cucumber\html-formatter\9.0.0\html-formatter-9.0.0.jar;C:\Users\ASUS\.m2\repository\io\cucumber\create-meta\2.0.1\create-meta-2.0.1.jar;C:\Users\ASUS\.m2\repository\org\apiguardian\apiguardian-api\1.1.0\apiguardian-api-1.1.0.jar;C:\Users\ASUS\.m2\repository\io\cucumber\cucumber-junit\6.6.0\cucumber-junit-6.6.0.jar;C:\Users\ASUS\.m2\repository\junit\junit\4.13\junit-4.13.jar;C:\Users\ASUS\.m2\repository\org\hamcrest\hamcrest-core\1.3\hamcrest-core-1.3.jar;C:\Users\ASUS\.m2\repository\org\slf4j\slf4j-simple\1.7.30\slf4j-simple-1.7.30.jar;"/>
    <property name="java.vm.vendor" value="Oracle Corporation"/>
    <property name="sun.arch.data.model" value="64"/>
    <property name="user.variant" value=""/>
    <property name="java.vendor.url" value="http://java.oracle.com/"/>
    <property name="user.timezone" value="Asia/Istanbul"/>
    <property name="java.vm.specification.version" value="1.8"/>
    <property name="os.name" value="Windows 10"/>
    <property name="user.country" value="US"/>
    <property name="sun.java.launcher" value="SUN_STANDARD"/>
    <property name="sun.boot.library.path" value="C:\Program Files\Java\jre1.8.0_261\bin"/>
    <property name="sun.java.command" value="C:\Users\ASUS\AppData\Local\Temp\surefire3620415764349896818\surefirebooter3380676643277803848.jar C:\Users\ASUS\AppData\Local\Temp\surefire3620415764349896818 2021-01-01T23-42-29_589-jvmRun2 surefire1020276863002645457tmp surefire_07637831832078598084tmp"/>
    <property name="surefire.test.class.path" value="C:\Users\ASUS\IdeaProjects\Batch11CucumberFramework\target\test-classes;C:\Users\ASUS\IdeaProjects\Batch11CucumberFramework\target\classes;C:\Users\ASUS\.m2\repository\org\seleniumhq\selenium\selenium-java\3.141.59\selenium-java-3.141.59.jar;C:\Users\ASUS\.m2\repository\org\seleniumhq\selenium\selenium-api\3.141.59\selenium-api-3.141.59.jar;C:\Users\ASUS\.m2\repository\org\seleniumhq\selenium\selenium-chrome-driver\3.141.59\selenium-chrome-driver-3.141.59.jar;C:\Users\ASUS\.m2\repository\org\seleniumhq\selenium\selenium-edge-driver\3.141.59\selenium-edge-driver-3.141.59.jar;C:\Users\ASUS\.m2\repository\org\seleniumhq\selenium\selenium-firefox-driver\3.141.59\selenium-firefox-driver-3.141.59.jar;C:\Users\ASUS\.m2\repository\org\seleniumhq\selenium\selenium-ie-driver\3.141.59\selenium-ie-driver-3.141.59.jar;C:\Users\ASUS\.m2\repository\org\seleniumhq\selenium\selenium-opera-driver\3.141.59\selenium-opera-driver-3.141.59.jar;C:\Users\ASUS\.m2\repository\org\seleniumhq\selenium\selenium-remote-driver\3.141.59\selenium-remote-driver-3.141.59.jar;C:\Users\ASUS\.m2\repository\org\seleniumhq\selenium\selenium-safari-driver\3.141.59\selenium-safari-driver-3.141.59.jar;C:\Users\ASUS\.m2\repository\org\seleniumhq\selenium\selenium-support\3.141.59\selenium-support-3.141.59.jar;C:\Users\ASUS\.m2\repository\net\bytebuddy\byte-buddy\1.8.15\byte-buddy-1.8.15.jar;C:\Users\ASUS\.m2\repository\org\apache\commons\commons-exec\1.3\commons-exec-1.3.jar;C:\Users\ASUS\.m2\repository\com\google\guava\guava\25.0-jre\guava-25.0-jre.jar;C:\Users\ASUS\.m2\repository\com\google\code\findbugs\jsr305\1.3.9\jsr305-1.3.9.jar;C:\Users\ASUS\.m2\repository\org\checkerframework\checker-compat-qual\2.0.0\checker-compat-qual-2.0.0.jar;C:\Users\ASUS\.m2\repository\com\google\errorprone\error_prone_annotations\2.1.3\error_prone_annotations-2.1.3.jar;C:\Users\ASUS\.m2\repository\com\google\j2objc\j2objc-annotations\1.1\j2objc-annotations-1.1.jar;C:\Users\ASUS\.m2\repository\org\codehaus\mojo\animal-sniffer-annotations\1.14\animal-sniffer-annotations-1.14.jar;C:\Users\ASUS\.m2\repository\com\squareup\okhttp3\okhttp\3.11.0\okhttp-3.11.0.jar;C:\Users\ASUS\.m2\repository\com\squareup\okio\okio\1.14.0\okio-1.14.0.jar;C:\Users\ASUS\.m2\repository\io\github\bonigarcia\webdrivermanager\3.8.1\webdrivermanager-3.8.1.jar;C:\Users\ASUS\.m2\repository\org\slf4j\slf4j-api\1.7.25\slf4j-api-1.7.25.jar;C:\Users\ASUS\.m2\repository\commons-io\commons-io\2.6\commons-io-2.6.jar;C:\Users\ASUS\.m2\repository\com\google\code\gson\gson\2.8.5\gson-2.8.5.jar;C:\Users\ASUS\.m2\repository\org\apache\commons\commons-lang3\3.8.1\commons-lang3-3.8.1.jar;C:\Users\ASUS\.m2\repository\org\apache\httpcomponents\httpclient\4.5.6\httpclient-4.5.6.jar;C:\Users\ASUS\.m2\repository\org\apache\httpcomponents\httpcore\4.4.10\httpcore-4.4.10.jar;C:\Users\ASUS\.m2\repository\commons-logging\commons-logging\1.2\commons-logging-1.2.jar;C:\Users\ASUS\.m2\repository\commons-codec\commons-codec\1.10\commons-codec-1.10.jar;C:\Users\ASUS\.m2\repository\org\rauschig\jarchivelib\1.0.0\jarchivelib-1.0.0.jar;C:\Users\ASUS\.m2\repository\org\apache\commons\commons-compress\1.18\commons-compress-1.18.jar;C:\Users\ASUS\.m2\repository\org\jsoup\jsoup\1.11.3\jsoup-1.11.3.jar;C:\Users\ASUS\.m2\repository\io\cucumber\cucumber-java\6.6.0\cucumber-java-6.6.0.jar;C:\Users\ASUS\.m2\repository\io\cucumber\cucumber-core\6.6.0\cucumber-core-6.6.0.jar;C:\Users\ASUS\.m2\repository\io\cucumber\cucumber-gherkin\6.6.0\cucumber-gherkin-6.6.0.jar;C:\Users\ASUS\.m2\repository\io\cucumber\cucumber-gherkin-messages\6.6.0\cucumber-gherkin-messages-6.6.0.jar;C:\Users\ASUS\.m2\repository\io\cucumber\messages\13.0.1\messages-13.0.1.jar;C:\Users\ASUS\.m2\repository\io\cucumber\tag-expressions\3.0.0\tag-expressions-3.0.0.jar;C:\Users\ASUS\.m2\repository\io\cucumber\cucumber-expressions\10.3.0\cucumber-expressions-10.3.0.jar;C:\Users\ASUS\.m2\repository\io\cucumber\datatable\3.4.0\datatable-3.4.0.jar;C:\Users\ASUS\.m2\repository\io\cucumber\cucumber-plugin\6.6.0\cucumber-plugin-6.6.0.jar;C:\Users\ASUS\.m2\repository\io\cucumber\docstring\6.6.0\docstring-6.6.0.jar;C:\Users\ASUS\.m2\repository\io\cucumber\html-formatter\9.0.0\html-formatter-9.0.0.jar;C:\Users\ASUS\.m2\repository\io\cucumber\create-meta\2.0.1\create-meta-2.0.1.jar;C:\Users\ASUS\.m2\repository\org\apiguardian\apiguardian-api\1.1.0\apiguardian-api-1.1.0.jar;C:\Users\ASUS\.m2\repository\io\cucumber\cucumber-junit\6.6.0\cucumber-junit-6.6.0.jar;C:\Users\ASUS\.m2\repository\junit\junit\4.13\junit-4.13.jar;C:\Users\ASUS\.m2\repository\org\hamcrest\hamcrest-core\1.3\hamcrest-core-1.3.jar;C:\Users\ASUS\.m2\repository\org\slf4j\slf4j-simple\1.7.30\slf4j-simple-1.7.30.jar;"/>
    <property name="sun.cpu.endian" value="little"/>
    <property name="user.home" value="C:\Users\ASUS"/>
    <property name="user.language" value="en"/>
    <property name="java.specification.vendor" value="Oracle Corporation"/>
    <property name="java.home" value="C:\Program Files\Java\jre1.8.0_261"/>
    <property name="basedir" value="C:\Users\ASUS\IdeaProjects\Batch11CucumberFramework"/>
    <property name="file.separator" value="\"/>
    <property name="line.separator" value="&#10;"/>
    <property name="java.vm.specification.vendor" value="Oracle Corporation"/>
    <property name="java.specification.name" value="Java Platform API Specification"/>
    <property name="java.awt.graphicsenv" value="sun.awt.Win32GraphicsEnvironment"/>
    <property name="surefire.real.class.path" value="C:\Users\ASUS\AppData\Local\Temp\surefire3620415764349896818\surefirebooter3380676643277803848.jar"/>
    <property name="sun.boot.class.path" value="C:\Program Files\Java\jre1.8.0_261\lib\resources.jar;C:\Program Files\Java\jre1.8.0_261\lib\rt.jar;C:\Program Files\Java\jre1.8.0_261\lib\sunrsasign.jar;C:\Program Files\Java\jre1.8.0_261\lib\jsse.jar;C:\Program Files\Java\jre1.8.0_261\lib\jce.jar;C:\Program Files\Java\jre1.8.0_261\lib\charsets.jar;C:\Program Files\Java\jre1.8.0_261\lib\jfr.jar;C:\Program Files\Java\jre1.8.0_261\classes"/>
    <property name="user.script" value=""/>
    <property name="sun.management.compiler" value="HotSpot 64-Bit Tiered Compilers"/>
    <property name="java.runtime.version" value="1.8.0_261-b12"/>
    <property name="user.name" value="ASUS"/>
    <property name="path.separator" value=";"/>
    <property name="os.version" value="10.0"/>
    <property name="java.endorsed.dirs" value="C:\Program Files\Java\jre1.8.0_261\lib\endorsed"/>
    <property name="java.runtime.name" value="Java(TM) SE Runtime Environment"/>
    <property name="file.encoding" value="UTF-8"/>
    <property name="java.vm.name" value="Java HotSpot(TM) 64-Bit Server VM"/>
    <property name="localRepository" value="C:\Users\ASUS\.m2\repository"/>
    <property name="java.vendor.url.bug" value="http://bugreport.sun.com/bugreport/"/>
    <property name="java.io.tmpdir" value="C:\Users\ASUS\AppData\Local\Temp\"/>
    <property name="java.version" value="1.8.0_261"/>
    <property name="user.dir" value="C:\Users\ASUS\IdeaProjects\Batch11CucumberFramework"/>
    <property name="os.arch" value="amd64"/>
    <property name="java.vm.specification.name" value="Java Virtual Machine Specification"/>
    <property name="java.awt.printerjob" value="sun.awt.windows.WPrinterJob"/>
    <property name="sun.os.patch.level" value=""/>
    <property name="java.library.path" value="C:\Program Files\Java\jre1.8.0_261\bin;C:\WINDOWS\Sun\Java\bin;C:\WINDOWS\system32;C:\WINDOWS;C:\Program Files (x86)\Common Files\Oracle\Java\javapath;C:\ProgramData\Oracle\Java\javapath;C:\Windows\system32;C:\Windows;C:\Windows\System32\Wbem;C:\Windows\System32\WindowsPowerShell\v1.0\;C:\Windows\System32\OpenSSH\;C:\Program Files (x86)\NVIDIA Corporation\PhysX\Common;C:\TDM-GCC-64\bin;C:\Program Files (x86)\Calibre2\;C:\Program Files\Git\cmd;C:\WINDOWS\system32;C:\WINDOWS;C:\WINDOWS\System32\Wbem;C:\WINDOWS\System32\WindowsPowerShell\v1.0\;C:\WINDOWS\System32\OpenSSH\;C:\Program Files (x86)\Brackets\command;C:\Users\ASUS\AppData\Local\Microsoft\WindowsApps;C:\Users\ASUS\AppData\Local\GitHubDesktop\bin;C:\Program Files\apache-maven-3.6.3\bin;;C:\Users\ASUS\AppData\Local\Programs\Microsoft VS Code\bin;."/>
    <property name="java.vm.info" value="mixed mode"/>
    <property name="java.vendor" value="Oracle Corporation"/>
    <property name="java.vm.version" value="25.261-b12"/>
    <property name="java.ext.dirs" value="C:\Program Files\Java\jre1.8.0_261\lib\ext;C:\WINDOWS\Sun\Java\lib\ext"/>
    <property name="sun.io.unicode.encoding" value="UnicodeLittle"/>
    <property name="java.class.version" value="52.0"/>
  </properties>
  <testcase name="TC05_parametre_kullanma" classname="US1003_amazon_search_parametreli" time="13.461">
    <failure type="java.lang.AssertionError">java.lang.AssertionError
</failure>
    <system-out><![CDATA[&amp#27;[32m&amp#27;[1m???????????????????????????????????????????????????????????????????????????????&amp#27;[0m
&amp#27;[32m&amp#27;[1m?&amp#27;[0m Share your Cucumber Report with your team at &amp#27;[36m&amp#27;[1m&amp#27;[4mhttps://reports.cucumber.io&amp#27;[0m    &amp#27;[32m&amp#27;[1m?&amp#27;[0m
&amp#27;[32m&amp#27;[1m?&amp#27;[0m Activate publishing with one of the following:                              &amp#27;[32m&amp#27;[1m?&amp#27;[0m
&amp#27;[32m&amp#27;[1m?&amp#27;[0m                                                                             &amp#27;[32m&amp#27;[1m?&amp#27;[0m
&amp#27;[32m&amp#27;[1m?&amp#27;[0m src/test/resources/cucumber.properties:    &amp#27;[36mcucumber.publish.enabled&amp#27;[0m=&amp#27;[36mtrue&amp#27;[0m    &amp#27;[32m&amp#27;[1m?&amp#27;[0m
&amp#27;[32m&amp#27;[1m?&amp#27;[0m Environment variable:                      &amp#27;[36mCUCUMBER_PUBLISH_ENABLED&amp#27;[0m=&amp#27;[36mtrue&amp#27;[0m    &amp#27;[32m&amp#27;[1m?&amp#27;[0m
&amp#27;[32m&amp#27;[1m?&amp#27;[0m JUnit:                                     &amp#27;[36m@CucumberOptions&amp#27;[0m(publish = &amp#27;[36mtrue&amp#27;[0m) &amp#27;[32m&amp#27;[1m?&amp#27;[0m
&amp#27;[32m&amp#27;[1m?&amp#27;[0m                                                                             &amp#27;[32m&amp#27;[1m?&amp#27;[0m
&amp#27;[32m&amp#27;[1m?&amp#27;[0m More information at &amp#27;[36mhttps://reports.cucumber.io/docs/cucumber-jvm&amp#27;[0m           &amp#27;[32m&amp#27;[1m?&amp#27;[0m
&amp#27;[32m&amp#27;[1m?&amp#27;[0m                                                                             &amp#27;[32m&amp#27;[1m?&amp#27;[0m
&amp#27;[32m&amp#27;[1m?&amp#27;[0m To disable this message, add &amp#27;[1mcucumber.publish.quiet&amp#27;[0m&amp#27;[1m=&amp#27;[0m&amp#27;[1mtrue&amp#27;[0m to                 &amp#27;[32m&amp#27;[1m?&amp#27;[0m
&amp#27;[32m&amp#27;[1m?&amp#27;[0m &amp#27;[1msrc/test/resources/cucumber.properties&amp#27;[0m                                      &amp#27;[32m&amp#27;[1m?&amp#27;[0m
&amp#27;[32m&amp#27;[1m???????????????????????????????????????????????????????????????????????????????&amp#27;[0m
]]></system-out>
    <system-err><![CDATA[[pool-1-thread-1] INFO io.github.bonigarcia.wdm.WebDriverManager - Using chromedriver 87.0.4280.88 (since Google Chrome 87 is installed in your machine)
[pool-1-thread-1] INFO io.github.bonigarcia.wdm.WebDriverManager - Exporting webdriver.chrome.driver as C:\Users\ASUS\.m2\repository\webdriver\chromedriver\win32\87.0.4280.88\chromedriver.exe
Starting ChromeDriver 87.0.4280.88 (89e2380a3e36c3464b5dd1302349b1382549290d-refs/branch-heads/4280@{#1761}) on port 36215
Only local connections are allowed.
Please see https://chromedriver.chromium.org/security-considerations for suggestions on keeping ChromeDriver safe.
ChromeDriver was started successfully.
Jan 01, 2021 11:43:47 PM org.openqa.selenium.remote.ProtocolHandshake createSession
INFO: Detected dialect: W3C
]]></system-err>
  </testcase>
</testsuite>